C:\Program Files\Microsoft Visual Studio\2022\Community\MSBuild\Microsoft\VC\v170\Microsoft.CppBuild.targets(516,5): warning MSB8004: Intermediate Directory does not end with a trailing slash.  This build instance will add the slash as it is required to allow proper evaluation of the Intermediate Directory.
C:\Program Files\Microsoft Visual Studio\2022\Community\MSBuild\Microsoft\VC\v170\Microsoft.CppBuild.targets(517,5): warning MSB8004: Output Directory does not end with a trailing slash.  This build instance will add the slash as it is required to allow proper evaluation of the Output Directory.
  Main.cpp
C:\Users\1\source\repos\Kernelmode\Usermode\Protection\XorStr.hpp(100,21): warning C4244: 'return': conversion from 'UINT64' to '_CHAR_TYPE_', possible loss of data
C:\Users\1\source\repos\Kernelmode\Usermode\Protection\XorStr.hpp(100,21): warning C4244:         with
C:\Users\1\source\repos\Kernelmode\Usermode\Protection\XorStr.hpp(100,21): warning C4244:         [
C:\Users\1\source\repos\Kernelmode\Usermode\Protection\XorStr.hpp(100,21): warning C4244:             _CHAR_TYPE_=CHAR
C:\Users\1\source\repos\Kernelmode\Usermode\Protection\XorStr.hpp(100,21): warning C4244:         ]
  (compiling source file 'Main.cpp')
  C:\Users\1\source\repos\Kernelmode\Usermode\Protection\XorStr.hpp(100,21):
  the template instantiation context (the oldest one first) is
  	C:\Users\1\source\repos\Kernelmode\Usermode\Main.cpp(19,31):
  	see reference to class template instantiation '_XORSTR_<CHAR,11>' being compiled
  	C:\Users\1\source\repos\Kernelmode\Usermode\Protection\XorStr.hpp(95,15):
  	while compiling class template member function '_CHAR_TYPE_ _XORSTR_<_CHAR_TYPE_,11>::CRYPT_CHAR(_CHAR_TYPE_,SIZE_T)'
          with
          [
              _CHAR_TYPE_=CHAR
          ]
  		C:\Users\1\source\repos\Kernelmode\Usermode\Protection\XorStr.hpp(83,18):
  		see the first reference to '_XORSTR_<CHAR,11>::CRYPT_CHAR' in '_XORSTR_<CHAR,11>::String'
  		C:\Users\1\source\repos\Kernelmode\Usermode\Main.cpp(19,14):
  		see the first reference to '_XORSTR_<CHAR,11>::String' in 'main'
  
  Generating code
  Previous IPDB not found, fall back to full compilation.
  All 19 functions were compiled because no usable IPDB/IOBJ from previous compilation was found.
  Finished generating code
  Usermode.vcxproj -> C:\Users\1\source\repos\Kernelmode\Build\Usermode\Usermode.exe
